<?xml version="1.0" encoding="UTF-8"?>
<!-- Generated by org.testng.reporters.JUnitXMLReporter -->
<testsuite ignored="0" hostname="DESKTOP-QVP2J4C" failures="0" tests="3" name="Default test" time="80.047" errors="0" timestamp="2024-05-15T21:11:10 PKT">
  <testcase classname="HrmTest.HrmTest.HRM" name="invalidLogin" time="7.466"/>
  <testcase classname="HrmTest.HrmTest.HRM" name="loginValid" time="3.481"/>
  <testcase classname="HrmTest.HrmTest.HRM" name="addEmployee" time="18.421"/>
</testsuite> <!-- Default test -->
