<?xml version="1.0" encoding="UTF-8"?>
<!-- Generated by org.testng.reporters.JUnitXMLReporter -->
<testsuite ignored="0" hostname="DESKTOP-QVP2J4C" failures="0" tests="4" name="Default test" time="40.756" errors="0" timestamp="2024-05-15T21:43:42 PKT">
  <testcase classname="HrmTest.HrmTest.HRM" name="invalidLogin" time="2.279"/>
  <testcase classname="HrmTest.HrmTest.HRM" name="loginValid" time="3.115"/>
  <testcase classname="HrmTest.HrmTest.HRM" name="addEmployee" time="12.314"/>
  <testcase classname="HrmTest.HrmTest.HRM" name="searchEmployee" time="9.478"/>
</testsuite> <!-- Default test -->
