<?xml version="1.0" encoding="UTF-8"?>
<testng-results ignored="0" total="3" passed="3" failed="0" skipped="0">
  <reporter-output>
  </reporter-output>
  <suite started-at="2024-05-15T21:09:50 PKT" name="Default suite" finished-at="2024-05-15T21:11:10 PKT" duration-ms="80047">
    <groups>
    </groups>
    <test started-at="2024-05-15T21:09:50 PKT" name="Default test" finished-at="2024-05-15T21:11:10 PKT" duration-ms="80047">
      <class name="HrmTest.HrmTest.HRM">
        <test-method is-config="true" signature="setup()[pri:0, instance:HrmTest.HrmTest.HRM@35cabb2a]" started-at="2024-05-15T21:09:50 PKT" name="setup" finished-at="2024-05-15T21:10:35 PKT" duration-ms="44764" status="PASS">
          <reporter-output>
          </reporter-output>
        </test-method> <!-- setup -->
        <test-method signature="invalidLogin()[pri:1, instance:HrmTest.HrmTest.HRM@35cabb2a]" started-at="2024-05-15T21:10:35 PKT" name="invalidLogin" finished-at="2024-05-15T21:10:43 PKT" duration-ms="7466" status="PASS">
          <reporter-output>
          </reporter-output>
        </test-method> <!-- invalidLogin -->
        <test-method signature="loginValid()[pri:2, instance:HrmTest.HrmTest.HRM@35cabb2a]" started-at="2024-05-15T21:10:43 PKT" name="loginValid" finished-at="2024-05-15T21:10:46 PKT" duration-ms="3481" status="PASS">
          <reporter-output>
          </reporter-output>
        </test-method> <!-- loginValid -->
        <test-method signature="addEmployee()[pri:3, instance:HrmTest.HrmTest.HRM@35cabb2a]" started-at="2024-05-15T21:10:46 PKT" name="addEmployee" finished-at="2024-05-15T21:11:05 PKT" duration-ms="18421" status="PASS">
          <reporter-output>
          </reporter-output>
        </test-method> <!-- addEmployee -->
        <test-method is-config="true" signature="tearDown()[pri:0, instance:HrmTest.HrmTest.HRM@35cabb2a]" started-at="2024-05-15T21:11:05 PKT" name="tearDown" finished-at="2024-05-15T21:11:10 PKT" duration-ms="5860" status="PASS">
          <reporter-output>
          </reporter-output>
        </test-method> <!-- tearDown -->
      </class> <!-- HrmTest.HrmTest.HRM -->
    </test> <!-- Default test -->
  </suite> <!-- Default suite -->
</testng-results>
