<?xml version="1.0" encoding="UTF-8"?>
<testng-results ignored="0" total="1" passed="1" failed="0" skipped="0">
  <reporter-output>
  </reporter-output>
  <suite started-at="2024-05-15T15:18:37 PKT" name="Default suite" finished-at="2024-05-15T15:19:10 PKT" duration-ms="32334">
    <groups>
    </groups>
    <test started-at="2024-05-15T15:18:37 PKT" name="Default test" finished-at="2024-05-15T15:19:10 PKT" duration-ms="32334">
      <class name="HrmTest.HrmTest.HRM">
        <test-method is-config="true" signature="setup()[pri:0, instance:HrmTest.HrmTest.HRM@38c6f217]" started-at="2024-05-15T15:18:37 PKT" name="setup" finished-at="2024-05-15T15:19:00 PKT" duration-ms="22088" status="PASS">
          <reporter-output>
          </reporter-output>
        </test-method> <!-- setup -->
        <test-method signature="login()[pri:0, instance:HrmTest.HrmTest.HRM@38c6f217]" started-at="2024-05-15T15:19:00 PKT" name="login" finished-at="2024-05-15T15:19:04 PKT" duration-ms="4818" status="PASS">
          <reporter-output>
          </reporter-output>
        </test-method> <!-- login -->
        <test-method is-config="true" signature="tearDown()[pri:0, instance:HrmTest.HrmTest.HRM@38c6f217]" started-at="2024-05-15T15:19:04 PKT" name="tearDown" finished-at="2024-05-15T15:19:10 PKT" duration-ms="5367" status="PASS">
          <reporter-output>
          </reporter-output>
        </test-method> <!-- tearDown -->
      </class> <!-- HrmTest.HrmTest.HRM -->
    </test> <!-- Default test -->
  </suite> <!-- Default suite -->
</testng-results>
